#
# There is insufficient memory for the Java Runtime Environment to continue.
# Native memory allocation (mmap) failed to map 268435456 bytes for Failed to commit area from 0x0000000700e00000 to 0x0000000710e00000 of length 268435456.
# Possible reasons:
#   The system is out of physical RAM or swap space
#   The process is running with CompressedOops enabled, and the Java Heap may be blocking the growth of the native heap
# Possible solutions:
#   Reduce memory load on the system
#   Increase physical memory or swap space
#   Check if swap backing store is full
#   Decrease Java heap size (-Xmx/-Xms)
#   Decrease number of Java threads
#   Decrease Java thread stack sizes (-Xss)
#   Set larger code cache with -XX:ReservedCodeCacheSize=
# This output file may be truncated or incomplete.
#
#  Out of Memory Error (./src/hotspot/os/windows/os_windows.cpp:3301), pid=10892, tid=15652
#
# JRE version:  (11.0.11+9) (build )
# Java VM: Dynamic Code Evolution 64-Bit Server VM (11.0.11+9-b1341.57, mixed mode, sharing, tiered, compressed oops, g1 gc, windows-amd64)
# No core dump will be written. Minidumps are not enabled by default on client versions of Windows
#

---------------  S U M M A R Y ------------

Command Line: org.jetbrains.git4idea.http.GitAskPassApp Username for 'https://github.com': 

Host: Intel(R) Core(TM) i3-8100 CPU @ 3.60GHz, 4 cores, 15G,  Windows 10 , 64 bit Build 19041 (10.0.19041.1023)
Time: Sun Jun 13 00:35:07 2021 RTZ 3 (зима) elapsed time: 0.056318 seconds (0d 0h 0m 0s)

---------------  T H R E A D  ---------------

Current thread (0x000001b7a7caf800):  JavaThread "Unknown thread" [_thread_in_vm, id=15652, stack(0x0000004184b00000,0x0000004184c00000)]

Stack: [0x0000004184b00000,0x0000004184c00000]
Native frames: (J=compiled Java code, j=interpreted, Vv=VM code, C=native code)
V  [jvm.dll+0x5fdd0a]
V  [jvm.dll+0x7822a5]
V  [jvm.dll+0x7838bd]
V  [jvm.dll+0x783f73]
V  [jvm.dll+0x245ed8]
V  [jvm.dll+0x5fb104]
V  [jvm.dll+0x5f0065]
V  [jvm.dll+0x302ecb]
V  [jvm.dll+0x302e3a]
V  [jvm.dll+0x302d12]
V  [jvm.dll+0x307c06]
V  [jvm.dll+0x350aa3]
V  [jvm.dll+0x3511a6]
V  [jvm.dll+0x350ba3]
V  [jvm.dll+0x2dca78]
V  [jvm.dll+0x2ddc27]
V  [jvm.dll+0x760907]
V  [jvm.dll+0x76219c]
V  [jvm.dll+0x35e039]
V  [jvm.dll+0x743e8e]
V  [jvm.dll+0x3c69b3]
V  [jvm.dll+0x3c8db1]
C  [jli.dll+0x5373]
C  [ucrtbase.dll+0x21bb2]
C  [KERNEL32.DLL+0x17034]
C  [ntdll.dll+0x52651]


---------------  P R O C E S S  ---------------

Threads class SMR info:
_java_thread_list=0x000001b7a7ae3d90, length=0, elements={
}

Java Threads: ( => current thread )

Other Threads:
  0x000001b7a7cc6800 GCTaskThread "GC Thread#0" [stack: 0x0000004184c00000,0x0000004184d00000] [id=16180]
  0x000001b7a7d22000 ConcurrentGCThread "G1 Main Marker" [stack: 0x0000004184d00000,0x0000004184e00000] [id=15564]
  0x000001b7a7d24800 ConcurrentGCThread "G1 Conc#0" [stack: 0x0000004184e00000,0x0000004184f00000] [id=3412]

[error occurred during error reporting (printing all threads), id 0xc0000005, EXCEPTION_ACCESS_VIOLATION (0xc0000005) at pc=0x00007ffeff46d047]

VM state:not at safepoint (not fully initialized)

VM Mutex/Monitor currently owned by a thread:  ([mutex/lock_event])
[0x000001b7a7cad730] Heap_lock - owner thread: 0x000001b7a7caf800

Heap address: 0x0000000700e00000, size: 4082 MB, Compressed Oops mode: Non-zero based: 0x0000000700e00000
Narrow klass base: 0x0000000000000000, Narrow klass shift: 0

GC Heap History (0 events):
No events

Deoptimization events (0 events):
No events

Classes redefined (0 events):
No events

Internal exceptions (0 events):
No events

Events (1 events):
Event: 0.006 Loaded shared library D:\Program Files\JetBrains\WebStorm 2020.3.3\jbr\bin\zip.dll


Dynamic libraries:
0x00007ff76a240000 - 0x00007ff76a24a000 	D:\Program Files\JetBrains\WebStorm 2020.3.3\jbr\bin\java.exe
0x00007fff7a590000 - 0x00007fff7a785000 	C:\WINDOWS\SYSTEM32\ntdll.dll
0x00007fff7a2b0000 - 0x00007fff7a36d000 	C:\WINDOWS\System32\KERNEL32.DLL
0x00007fff78120000 - 0x00007fff783e8000 	C:\WINDOWS\System32\KERNELBASE.dll
0x00007fff783f0000 - 0x00007fff784f0000 	C:\WINDOWS\System32\ucrtbase.dll
0x00007fff5a2c0000 - 0x00007fff5a2d9000 	D:\Program Files\JetBrains\WebStorm 2020.3.3\jbr\bin\jli.dll
0x00007fff5a2e0000 - 0x00007fff5a2f7000 	D:\Program Files\JetBrains\WebStorm 2020.3.3\jbr\bin\VCRUNTIME140.dll
0x00007fff78bc0000 - 0x00007fff78d60000 	C:\WINDOWS\System32\USER32.dll
0x00007fff77f30000 - 0x00007fff77f52000 	C:\WINDOWS\System32\win32u.dll
0x00007fff69080000 - 0x00007fff6931a000 	C:\WINDOWS\WinSxS\amd64_microsoft.windows.common-controls_6595b64144ccf1df_6.0.19041.1052_none_60b8f8fd71f5e8cb\COMCTL32.dll
0x00007fff78ad0000 - 0x00007fff78afa000 	C:\WINDOWS\System32\GDI32.dll
0x00007fff79070000 - 0x00007fff7910e000 	C:\WINDOWS\System32\msvcrt.dll
0x00007fff784f0000 - 0x00007fff785fb000 	C:\WINDOWS\System32\gdi32full.dll
0x00007fff77db0000 - 0x00007fff77e4d000 	C:\WINDOWS\System32\msvcp_win.dll
0x00007fff79040000 - 0x00007fff79070000 	C:\WINDOWS\System32\IMM32.DLL
0x00007fff0f220000 - 0x00007fff0f2bd000 	D:\Program Files\JetBrains\WebStorm 2020.3.3\jbr\bin\msvcp140.dll
0x00007ffeff180000 - 0x00007ffeffcd3000 	D:\Program Files\JetBrains\WebStorm 2020.3.3\jbr\bin\server\jvm.dll
0x00007fff799c0000 - 0x00007fff79a6c000 	C:\WINDOWS\System32\ADVAPI32.dll
0x00007fff79110000 - 0x00007fff791ab000 	C:\WINDOWS\System32\sechost.dll
0x00007fff78d60000 - 0x00007fff78e8b000 	C:\WINDOWS\System32\RPCRT4.dll
0x00007fff78bb0000 - 0x00007fff78bb8000 	C:\WINDOWS\System32\PSAPI.DLL
0x00007fff71210000 - 0x00007fff7121a000 	C:\WINDOWS\SYSTEM32\VERSION.dll
0x00007fff6f0c0000 - 0x00007fff6f0e7000 	C:\WINDOWS\SYSTEM32\WINMM.dll
0x00007fff5d460000 - 0x00007fff5d469000 	C:\WINDOWS\SYSTEM32\WSOCK32.dll
0x00007fff7a1e0000 - 0x00007fff7a24b000 	C:\WINDOWS\System32\WS2_32.dll
0x00007fff75c40000 - 0x00007fff75c52000 	C:\WINDOWS\SYSTEM32\kernel.appcore.dll
0x00007fff5d060000 - 0x00007fff5d071000 	D:\Program Files\JetBrains\WebStorm 2020.3.3\jbr\bin\verify.dll
0x00007fff70690000 - 0x00007fff70874000 	C:\WINDOWS\SYSTEM32\DBGHELP.DLL
0x00007fff63170000 - 0x00007fff6319c000 	C:\WINDOWS\SYSTEM32\dbgcore.DLL
0x00007fff77d20000 - 0x00007fff77da3000 	C:\WINDOWS\System32\bcryptPrimitives.dll
0x00007fff5c640000 - 0x00007fff5c669000 	D:\Program Files\JetBrains\WebStorm 2020.3.3\jbr\bin\java.dll
0x00007fff5d110000 - 0x00007fff5d11b000 	D:\Program Files\JetBrains\WebStorm 2020.3.3\jbr\bin\jimage.dll
0x00007fff5ce30000 - 0x00007fff5ce48000 	D:\Program Files\JetBrains\WebStorm 2020.3.3\jbr\bin\zip.dll

dbghelp: loaded successfully - version: 4.0.5 - missing functions: none
symbol engine: initialized successfully - sym options: 0x614 - pdb path: .;D:\Program Files\JetBrains\WebStorm 2020.3.3\jbr\bin;C:\WINDOWS\SYSTEM32;C:\WINDOWS\WinSxS\amd64_microsoft.windows.common-controls_6595b64144ccf1df_6.0.19041.1052_none_60b8f8fd71f5e8cb;D:\Program Files\JetBrains\WebStorm 2020.3.3\jbr\bin\server

VM Arguments:
java_command: org.jetbrains.git4idea.http.GitAskPassApp Username for 'https://github.com': 
java_class_path (initial): D:/Program Files/JetBrains/WebStorm 2020.3.3/plugins/git4idea/lib/git4idea-rt.jar;D:/Program Files/JetBrains/WebStorm 2020.3.3/lib/xmlrpc-2.0.1.jar;D:/Program Files/JetBrains/WebStorm 2020.3.3/lib/commons-codec-1.15.jar
Launcher Type: SUN_STANDARD

[Global flags]
     intx CICompilerCount                          = 3                                         {product} {ergonomic}
     uint ConcGCThreads                            = 1                                         {product} {ergonomic}
     uint G1ConcRefinementThreads                  = 4                                         {product} {ergonomic}
   size_t G1HeapRegionSize                         = 1048576                                   {product} {ergonomic}
    uintx GCDrainStackTargetSize                   = 64                                        {product} {ergonomic}
   size_t InitialHeapSize                          = 268435456                                 {product} {ergonomic}
   size_t MarkStackSize                            = 4194304                                   {product} {ergonomic}
   size_t MaxHeapSize                              = 4280287232                                {product} {ergonomic}
   size_t MinHeapDeltaBytes                        = 1048576                                   {product} {ergonomic}
    uintx NonNMethodCodeHeapSize                   = 5830732                                {pd product} {ergonomic}
    uintx NonProfiledCodeHeapSize                  = 122913754                              {pd product} {ergonomic}
    uintx ProfiledCodeHeapSize                     = 122913754                              {pd product} {ergonomic}
    uintx ReservedCodeCacheSize                    = 251658240                              {pd product} {ergonomic}
     bool SegmentedCodeCache                       = true                                      {product} {ergonomic}
     bool UseCompressedClassPointers               = true                                 {lp64_product} {ergonomic}
     bool UseCompressedOops                        = true                                 {lp64_product} {ergonomic}
     bool UseG1GC                                  = true                                      {product} {ergonomic}
     bool UseLargePagesIndividualAllocation        = false                                  {pd product} {ergonomic}

Logging:
Log output configuration:
 #0: stdout all=warning uptime,level,tags
 #1: stderr all=off uptime,level,tags

Environment Variables:
PATH=C:\Program Files\Git\mingw64\libexec\git-core;C:\Program Files\Git\mingw64\libexec\git-core;C:\Program Files\Git\mingw64\bin;C:\Program Files\Git\usr\bin;C:\Users\D3PII\bin;C:\Program Files\Java\jre1.8.0_281\bin;D:\java\jdk-15.0.2\bin;C:\Program Files (x86)\Common Files\Oracle\Java\javapath;C:\Python38\Scripts;C:\Python38;C:\Program Files (x86)\Common Files\Intel\Shared Libraries\redist\intel64_win\compiler;C:\ProgramData\Oracle\Java\javapath;C:\Program Files (x86)\Common Files\Intel\Shared Libraries\redist\intel64\compiler;C:\WINDOWS\system32;C:\WINDOWS;C:\WINDOWS\System32\Wbem;C:\WINDOWS\System32\WindowsPowerShell\v1.0;C:\WINDOWS\System32\OpenSSH;C:\ProgramData\ComposerSetup\bin;C:\Program Files\nodejs;C:\ProgramData\chocolatey\bin;C:\Program Files\Microsoft SQL Server\120\Tools\Binn;C:\Program Files\Git\cmd;C:\php-8.0.1-nts-Win32-vs16-x64;C:\Program Files\Geth;C:\Users\D3PII\AppData\Local\Programs\Python\Python38-32\Scripts;C:\Users\D3PII\AppData\Local\Programs\Python\Python38-32;C:\Ruby26-x64\bin;C:\Users\D3PII\AppData\Local\Microsoft\WindowsApps;C:\Users\D3PII\AppData\Local\Programs\Microsoft VS Code\bin;C:\xampp\php;C:\Users\D3PII\AppData\Roaming\Composer\vendor\bin;C:\Users\D3PII\AppData\Roaming\npm;C:\Program Files\JetBrains\PyCharm 2020.3\bin;C:\Users\D3PII\AppData\Local\GitHubDesktop\bin;D:\Program Files\JetBrains\IntelliJ IDEA 2020.3.1\bin;C:\Users\D3PII\spicetify-cli;D:\Program Files\JetBrains\WebStorm 2020.3.3\bin;C:\Users\D3PII\AppData\Local\Microsoft\WindowsApps
USERNAME=D3PII
DISPLAY=:0.0
LC_ALL=en_US.UTF-8
OS=Windows_NT
PROCESSOR_IDENTIFIER=Intel64 Family 6 Model 158 Stepping 11, GenuineIntel



---------------  S Y S T E M  ---------------

OS: Windows 10 , 64 bit Build 19041 (10.0.19041.1023)
OS uptime: 0 days 9:05 hours

CPU:total 4 (initial active 4) (4 cores per cpu, 1 threads per core) family 6 model 158 stepping 11 microcode 0xb4, cmov, cx8, fxsr, mmx, sse, sse2, sse3, ssse3, sse4.1, sse4.2, popcnt, avx, avx2, aes, clmul, erms, 3dnowpref, lzcnt, tsc, tscinvbit, bmi1, bmi2, adx, fma

Memory: 4k page, system-wide physical 16326M (5439M free)
TotalPageFile size 22626M (AvailPageFile size 224M)
current process WorkingSet (physical memory assigned to process): 10M, peak: 10M
current process commit charge ("private bytes"): 52M, peak: 307M

vm_info: Dynamic Code Evolution 64-Bit Server VM (11.0.11+9-b1341.57) for windows-amd64 JRE (11.0.11+9-b1341.57), built on May 17 2021 14:09:08 by "" with MS VC++ 14.0 (VS2015)

END.
